# JRE version: OpenJDK Runtime Environment (19.0.1+10) (build 19.0.1+10-21)
# Java VM: OpenJDK 64-Bit Server VM (19.0.1+10-21, mixed mode, sharing, tiered, compressed oops, compressed class ptrs, g1 gc, linux-amd64)
GC Precious Log:
 CardTable entry size: 512
 Card Set container configuration: InlinePtr #cards 5 size 8 Array Of Cards #cards 12 size 40 Howl #buckets 4 coarsen threshold 1843 Howl Bitmap #cards 512 size 80 coarsen threshold 460 Card regions per heap region 1 cards per card region 2048
 CPUs: 2 total, 2 available
 Memory: 3924M
 Large Page Support: Disabled
 NUMA Support: Disabled
 Compressed Oops: Enabled (32-bit)
 Heap Region Size: 1M
 Heap Min Capacity: 8M
 Heap Initial Capacity: 62M
 Heap Max Capacity: 982M
 Pre-touch: Disabled
 Parallel Workers: 2
 Concurrent Workers: 1
 Concurrent Refinement Workers: 2
 Periodic GC: Disabled
Heap:
 garbage-first heap   total 65536K, used 23550K [0x00000000c2a00000, 0x0000000100000000)
  region size 1024K, 16 young (16384K), 4 survivors (4096K)
 Metaspace       used 20855K, committed 21248K, reserved 1114112K
  class space    used 2954K, committed 3136K, reserved 1048576K
GC Heap History (8 events):
Event: 0,515 GC heap before
{Heap before GC invocations=0 (full 0):
 garbage-first heap   total 65536K, used 7136K [0x00000000c2a00000, 0x0000000100000000)
  region size 1024K, 6 young (6144K), 0 survivors (0K)
 Metaspace       used 796K, committed 960K, reserved 1114112K
  class space    used 59K, committed 128K, reserved 1048576K
}
Event: 0,521 GC heap after
{Heap after GC invocations=1 (full 0):
 garbage-first heap   total 65536K, used 1324K [0x00000000c2a00000, 0x0000000100000000)
  region size 1024K, 1 young (1024K), 1 survivors (1024K)
 Metaspace       used 796K, committed 960K, reserved 1114112K
  class space    used 59K, committed 128K, reserved 1048576K
}
Event: 1,221 GC heap before
{Heap before GC invocations=1 (full 0):
 garbage-first heap   total 65536K, used 12588K [0x00000000c2a00000, 0x0000000100000000)
  region size 1024K, 13 young (13312K), 1 survivors (1024K)
 Metaspace       used 5403K, committed 5632K, reserved 1114112K
  class space    used 624K, committed 768K, reserved 1048576K
}
Event: 1,228 GC heap after
{Heap after GC invocations=2 (full 0):
 garbage-first heap   total 65536K, used 3756K [0x00000000c2a00000, 0x0000000100000000)
  region size 1024K, 2 young (2048K), 2 survivors (2048K)
 Metaspace       used 5403K, committed 5632K, reserved 1114112K
  class space    used 624K, committed 768K, reserved 1048576K
}
Event: 1,659 GC heap before
{Heap before GC invocations=2 (full 0):
 garbage-first heap   total 65536K, used 19116K [0x00000000c2a00000, 0x0000000100000000)
  region size 1024K, 18 young (18432K), 2 survivors (2048K)
 Metaspace       used 9901K, committed 10176K, reserved 1114112K
  class space    used 1285K, committed 1408K, reserved 1048576K
}
Event: 1,667 GC heap after
{Heap after GC invocations=3 (full 0):
 garbage-first heap   total 65536K, used 6364K [0x00000000c2a00000, 0x0000000100000000)
  region size 1024K, 3 young (3072K), 3 survivors (3072K)
 Metaspace       used 9901K, committed 10176K, reserved 1114112K
  class space    used 1285K, committed 1408K, reserved 1048576K
}
Event: 15,061 GC heap before
{Heap before GC invocations=3 (full 0):
 garbage-first heap   total 65536K, used 42204K [0x00000000c2a00000, 0x0000000100000000)
  region size 1024K, 37 young (37888K), 3 survivors (3072K)
 Metaspace       used 19479K, committed 19840K, reserved 1114112K
  class space    used 2713K, committed 2880K, reserved 1048576K
}
Event: 15,084 GC heap after
{Heap after GC invocations=4 (full 0):
 garbage-first heap   total 65536K, used 12286K [0x00000000c2a00000, 0x0000000100000000)
  region size 1024K, 4 young (4096K), 4 survivors (4096K)
 Metaspace       used 19479K, committed 19840K, reserved 1114112K
  class space    used 2713K, committed 2880K, reserved 1048576K
}

