# JRE version: OpenJDK Runtime Environment (19.0.1+10) (build 19.0.1+10-21)
# Java VM: OpenJDK 64-Bit Server VM (19.0.1+10-21, mixed mode, sharing, tiered, compressed oops, compressed class ptrs, g1 gc, linux-amd64)
GC Precious Log:
 CardTable entry size: 512
 Card Set container configuration: InlinePtr #cards 5 size 8 Array Of Cards #cards 12 size 40 Howl #buckets 4 coarsen threshold 1843 Howl Bitmap #cards 512 size 80 coarsen threshold 460 Card regions per heap region 1 cards per card region 2048
 CPUs: 2 total, 2 available
 Memory: 3924M
 Large Page Support: Disabled
 NUMA Support: Disabled
 Compressed Oops: Enabled (32-bit)
 Heap Region Size: 1M
 Heap Min Capacity: 8M
 Heap Initial Capacity: 62M
 Heap Max Capacity: 982M
 Pre-touch: Disabled
 Parallel Workers: 2
 Concurrent Workers: 1
 Concurrent Refinement Workers: 2
 Periodic GC: Disabled
Heap:
 garbage-first heap   total 65536K, used 24566K [0x00000000c2a00000, 0x0000000100000000)
  region size 1024K, 17 young (17408K), 4 survivors (4096K)
 Metaspace       used 20764K, committed 21120K, reserved 1114112K
  class space    used 2946K, committed 3136K, reserved 1048576K
GC Heap History (8 events):
Event: 0,385 GC heap before
{Heap before GC invocations=0 (full 0):
 garbage-first heap   total 65536K, used 6112K [0x00000000c2a00000, 0x0000000100000000)
  region size 1024K, 6 young (6144K), 0 survivors (0K)
 Metaspace       used 783K, committed 960K, reserved 1114112K
  class space    used 59K, committed 128K, reserved 1048576K
}
Event: 0,390 GC heap after
{Heap after GC invocations=1 (full 0):
 garbage-first heap   total 65536K, used 1340K [0x00000000c2a00000, 0x0000000100000000)
  region size 1024K, 1 young (1024K), 1 survivors (1024K)
 Metaspace       used 783K, committed 960K, reserved 1114112K
  class space    used 59K, committed 128K, reserved 1048576K
}
Event: 1,108 GC heap before
{Heap before GC invocations=1 (full 0):
 garbage-first heap   total 65536K, used 12604K [0x00000000c2a00000, 0x0000000100000000)
  region size 1024K, 13 young (13312K), 1 survivors (1024K)
 Metaspace       used 5969K, committed 6208K, reserved 1114112K
  class space    used 719K, committed 832K, reserved 1048576K
}
Event: 1,111 GC heap after
{Heap after GC invocations=2 (full 0):
 garbage-first heap   total 65536K, used 3152K [0x00000000c2a00000, 0x0000000100000000)
  region size 1024K, 2 young (2048K), 2 survivors (2048K)
 Metaspace       used 5969K, committed 6208K, reserved 1114112K
  class space    used 719K, committed 832K, reserved 1048576K
}
Event: 1,381 GC heap before
{Heap before GC invocations=2 (full 0):
 garbage-first heap   total 65536K, used 19536K [0x00000000c2a00000, 0x0000000100000000)
  region size 1024K, 19 young (19456K), 2 survivors (2048K)
 Metaspace       used 10250K, committed 10624K, reserved 1114112K
  class space    used 1320K, committed 1472K, reserved 1048576K
}
Event: 1,386 GC heap after
{Heap after GC invocations=3 (full 0):
 garbage-first heap   total 65536K, used 6364K [0x00000000c2a00000, 0x0000000100000000)
  region size 1024K, 3 young (3072K), 3 survivors (3072K)
 Metaspace       used 10250K, committed 10624K, reserved 1114112K
  class space    used 1320K, committed 1472K, reserved 1048576K
}
Event: 11,844 GC heap before
{Heap before GC invocations=3 (full 0):
 garbage-first heap   total 65536K, used 40156K [0x00000000c2a00000, 0x0000000100000000)
  region size 1024K, 35 young (35840K), 3 survivors (3072K)
 Metaspace       used 19245K, committed 19584K, reserved 1114112K
  class space    used 2654K, committed 2816K, reserved 1048576K
}
Event: 11,877 GC heap after
{Heap after GC invocations=4 (full 0):
 garbage-first heap   total 65536K, used 12278K [0x00000000c2a00000, 0x0000000100000000)
  region size 1024K, 4 young (4096K), 4 survivors (4096K)
 Metaspace       used 19245K, committed 19584K, reserved 1114112K
  class space    used 2654K, committed 2816K, reserved 1048576K
}

